[0505/050917.046:ERROR:process_memory_win.cc(73)] ReadMemory at 0x1749cd30770 of 72 bytes failed: Only part of a ReadProcessMemory or WriteProcessMemory request was completed. (0x12B)
[0505/050917.047:WARNING:pe_image_annotations_reader.cc(134)] could not read annotations list object in C:\Program Files (x86)\Google\Chrome\Application\74.0.3729.131\chrome_elf.dll
[0505/050917.048:ERROR:process_memory_win.cc(73)] ReadMemory at 0x7ffae4ab0000 of 64 bytes failed: Only part of a ReadProcessMemory or WriteProcessMemory request was completed. (0x12B)
[0505/050917.048:WARNING:pe_image_reader.cc(340)] could not read dos header from C:\Program Files (x86)\Google\Chrome\Application\74.0.3729.131\chrome_child.dll
[0505/050917.048:ERROR:process_memory_win.cc(73)] ReadMemory at 0x7ffae4ab0000 of 64 bytes failed: Only part of a ReadProcessMemory or WriteProcessMemory request was completed. (0x12B)
[0505/050917.048:WARNING:pe_image_reader.cc(340)] could not read dos header from C:\Program Files (x86)\Google\Chrome\Application\74.0.3729.131\chrome_child.dll
[0505/050917.098:ERROR:process_memory_win.cc(73)] ReadMemory at 0x7ff6bef20000 of 64 bytes failed: Only part of a ReadProcessMemory or WriteProcessMemory request was completed. (0x12B)
[0505/050917.098:WARNING:pe_image_reader.cc(340)] could not read dos header from C:\Program Files (x86)\Google\Chrome\Application\chrome.exe
[0505/050917.098:ERROR:process_memory_win.cc(73)] ReadMemory at 0x7ffb40c50000 of 64 bytes failed: Only part of a ReadProcessMemory or WriteProcessMemory request was completed. (0x12B)
[0505/050917.098:WARNING:pe_image_reader.cc(340)] could not read dos header from C:\WINDOWS\SYSTEM32\ntdll.dll
[0505/050917.098:ERROR:process_memory_win.cc(73)] ReadMemory at 0x7ffb3fbc0000 of 64 bytes failed: Only part of a ReadProcessMemory or WriteProcessMemory request was completed. (0x12B)
[0505/050917.098:WARNING:pe_image_reader.cc(340)] could not read dos header from C:\WINDOWS\System32\KERNEL32.DLL
[0505/050917.099:ERROR:process_memory_win.cc(73)] ReadMemory at 0x7ffb3d0d0000 of 64 bytes failed: Only part of a ReadProcessMemory or WriteProcessMemory request was completed. (0x12B)
[0505/050917.099:WARNING:pe_image_reader.cc(340)] could not read dos header from C:\WINDOWS\System32\KERNELBASE.dll
[0505/050917.099:ERROR:process_memory_win.cc(73)] ReadMemory at 0x7ffb3b200000 of 64 bytes failed: Only part of a ReadProcessMemory or WriteProcessMemory request was completed. (0x12B)
[0505/050917.099:WARNING:pe_image_reader.cc(340)] could not read dos header from C:\WINDOWS\SYSTEM32\apphelp.dll
[0505/050917.099:ERROR:process_memory_win.cc(73)] ReadMemory at 0x7ffb3e140000 of 64 bytes failed: Only part of a ReadProcessMemory or WriteProcessMemory request was completed. (0x12B)
[0505/050917.099:WARNING:pe_image_reader.cc(340)] could not read dos header from C:\WINDOWS\System32\SHELL32.dll
[0505/050917.099:ERROR:process_memory_win.cc(73)] ReadMemory at 0x7ffb3f990000 of 64 bytes failed: Only part of a ReadProcessMemory or WriteProcessMemory request was completed. (0x12B)
[0505/050917.099:WARNING:pe_image_reader.cc(340)] could not read dos header from C:\WINDOWS\System32\msvcrt.dll
[0505/050917.099:ERROR:process_memory_win.cc(73)] ReadMemory at 0x7ffb3d640000 of 64 bytes failed: Only part of a ReadProcessMemory or WriteProcessMemory request was completed. (0x12B)
[0505/050917.099:WARNING:pe_image_reader.cc(340)] could not read dos header from C:\WINDOWS\System32\cfgmgr32.dll
[0505/050917.099:ERROR:process_memory_win.cc(73)] ReadMemory at 0x7ffb3d690000 of 64 bytes failed: Only part of a ReadProcessMemory or WriteProcessMemory request was completed. (0x12B)
[0505/050917.099:WARNING:pe_image_reader.cc(340)] could not read dos header from C:\WINDOWS\System32\ucrtbase.dll
[0505/050917.099:ERROR:process_memory_win.cc(73)] ReadMemory at 0x7ffb3f580000 of 64 bytes failed: Only part of a ReadProcessMemory or WriteProcessMemory request was completed. (0x12B)
[0505/050917.099:WARNING:pe_image_reader.cc(340)] could not read dos header from C:\WINDOWS\System32\shcore.dll
[0505/050917.099:ERROR:process_memory_win.cc(73)] ReadMemory at 0x7ffb3ff40000 of 64 bytes failed: Only part of a ReadProcessMemory or WriteProcessMemory request was completed. (0x12B)
[0505/050917.099:WARNING:pe_image_reader.cc(340)] could not read dos header from C:\WINDOWS\System32\RPCRT4.dll
[0505/050917.100:ERROR:process_memory_win.cc(73)] ReadMemory at 0x7ffb3f630000 of 64 bytes failed: Only part of a ReadProcessMemory or WriteProcessMemory request was completed. (0x12B)
[0505/050917.100:WARNING:pe_image_reader.cc(340)] could not read dos header from C:\WINDOWS\System32\combase.dll
[0505/050917.100:ERROR:process_memory_win.cc(73)] ReadMemory at 0x7ffb3d950000 of 64 bytes failed: Only part of a ReadProcessMemory or WriteProcessMemory request was completed. (0x12B)
[0505/050917.100:WARNING:pe_image_reader.cc(340)] could not read dos header from C:\WINDOWS\System32\bcryptPrimitives.dll
[0505/050917.100:ERROR:process_memory_win.cc(73)] ReadMemory at 0x7ffb3d9d0000 of 64 bytes failed: Only part of a ReadProcessMemory or WriteProcessMemory request was completed. (0x12B)
[0505/050917.100:WARNING:pe_image_reader.cc(340)] could not read dos header from C:\WINDOWS\System32\windows.storage.dll
[0505/050917.100:ERROR:process_memory_win.cc(73)] ReadMemory at 0x7ffb40230000 of 64 bytes failed: Only part of a ReadProcessMemory or WriteProcessMemory request was completed. (0x12B)
[0505/050917.100:WARNING:pe_image_reader.cc(340)] could not read dos header from C:\WINDOWS\System32\advapi32.dll
[0505/050917.100:ERROR:process_memory_win.cc(73)] ReadMemory at 0x7ffb3fd70000 of 64 bytes failed: Only part of a ReadProcessMemory or WriteProcessMemory request was completed. (0x12B)
[0505/050917.100:WARNING:pe_image_reader.cc(340)] could not read dos header from C:\WINDOWS\System32\sechost.dll
[0505/050917.100:ERROR:process_memory_win.cc(73)] ReadMemory at 0x7ffb3e0e0000 of 64 bytes failed: Only part of a ReadProcessMemory or WriteProcessMemory request was completed. (0x12B)
[0505/050917.100:WARNING:pe_image_reader.cc(340)] could not read dos header from C:\WINDOWS\System32\shlwapi.dll
[0505/050917.100:ERROR:process_memory_win.cc(73)] ReadMemory at 0x7ffb40480000 of 64 bytes failed: Only part of a ReadProcessMemory or WriteProcessMemory request was completed. (0x12B)
[0505/050917.100:WARNING:pe_image_reader.cc(340)] could not read dos header from C:\WINDOWS\System32\GDI32.dll
[0505/050917.100:ERROR:process_memory_win.cc(73)] ReadMemory at 0x7ffb3d790000 of 64 bytes failed: Only part of a ReadProcessMemory or WriteProcessMemory request was completed. (0x12B)
[0505/050917.100:WARNING:pe_image_reader.cc(340)] could not read dos header from C:\WINDOWS\System32\gdi32full.dll
[0505/050917.100:ERROR:process_memory_win.cc(73)] ReadMemory at 0x7ffb3d350000 of 64 bytes failed: Only part of a ReadProcessMemory or WriteProcessMemory request was completed. (0x12B)
[0505/050917.101:WARNING:pe_image_reader.cc(340)] could not read dos header from C:\WINDOWS\System32\msvcp_win.dll
[0505/050917.101:ERROR:process_memory_win.cc(73)] ReadMemory at 0x7ffb405c0000 of 64 bytes failed: Only part of a ReadProcessMemory or WriteProcessMemory request was completed. (0x12B)
[0505/050917.101:WARNING:pe_image_reader.cc(340)] could not read dos header from C:\WINDOWS\System32\USER32.dll
[0505/050917.101:ERROR:process_memory_win.cc(73)] ReadMemory at 0x7ffb3d930000 of 64 bytes failed: Only part of a ReadProcessMemory or WriteProcessMemory request was completed. (0x12B)
[0505/050917.101:WARNING:pe_image_reader.cc(340)] could not read dos header from C:\WINDOWS\System32\win32u.dll
[0505/050917.101:ERROR:process_memory_win.cc(73)] ReadMemory at 0x7ffb3cfe0000 of 64 bytes failed: Only part of a ReadProcessMemory or WriteProcessMemory request was completed. (0x12B)
[0505/050917.101:WARNING:pe_image_reader.cc(340)] could not read dos header from C:\WINDOWS\System32\kernel.appcore.dll
[0505/050917.101:ERROR:process_memory_win.cc(73)] ReadMemory at 0x7ffb3d000000 of 64 bytes failed: Only part of a ReadProcessMemory or WriteProcessMemory request was completed. (0x12B)
[0505/050917.101:WARNING:pe_image_reader.cc(340)] could not read dos header from C:\WINDOWS\System32\profapi.dll
[0505/050917.101:ERROR:process_memory_win.cc(73)] ReadMemory at 0x7ffb3cf90000 of 64 bytes failed: Only part of a ReadProcessMemory or WriteProcessMemory request was completed. (0x12B)
[0505/050917.101:WARNING:pe_image_reader.cc(340)] could not read dos header from C:\WINDOWS\System32\powrprof.dll
[0505/050917.101:ERROR:process_memory_win.cc(73)] ReadMemory at 0x7ffb3cf80000 of 64 bytes failed: Only part of a ReadProcessMemory or WriteProcessMemory request was completed. (0x12B)
[0505/050917.101:WARNING:pe_image_reader.cc(340)] could not read dos header from C:\WINDOWS\System32\FLTLIB.DLL
[0505/050917.101:ERROR:process_memory_win.cc(73)] ReadMemory at 0x7ffb0c790000 of 64 bytes failed: Only part of a ReadProcessMemory or WriteProcessMemory request was completed. (0x12B)
[0505/050917.101:WARNING:pe_image_reader.cc(340)] could not read dos header from C:\Program Files (x86)\Google\Chrome\Application\74.0.3729.131\chrome_elf.dll
[0505/050917.101:ERROR:process_memory_win.cc(73)] ReadMemory at 0x7ffb33b80000 of 64 bytes failed: Only part of a ReadProcessMemory or WriteProcessMemory request was completed. (0x12B)
[0505/050917.101:WARNING:pe_image_reader.cc(340)] could not read dos header from C:\WINDOWS\SYSTEM32\VERSION.dll
[0505/050917.102:ERROR:process_memory_win.cc(73)] ReadMemory at 0x7ffb3b0e0000 of 64 bytes failed: Only part of a ReadProcessMemory or WriteProcessMemory request was completed. (0x12B)
[0505/050917.102:WARNING:pe_image_reader.cc(340)] could not read dos header from C:\WINDOWS\SYSTEM32\WINMM.dll
[0505/050917.102:ERROR:process_memory_win.cc(73)] ReadMemory at 0x7ffb3ce90000 of 64 bytes failed: Only part of a ReadProcessMemory or WriteProcessMemory request was completed. (0x12B)
[0505/050917.102:WARNING:pe_image_reader.cc(340)] could not read dos header from C:\WINDOWS\SYSTEM32\USERENV.dll
[0505/050917.102:ERROR:process_memory_win.cc(73)] ReadMemory at 0x7ffb3afc0000 of 64 bytes failed: Only part of a ReadProcessMemory or WriteProcessMemory request was completed. (0x12B)
[0505/050917.102:WARNING:pe_image_reader.cc(340)] could not read dos header from C:\WINDOWS\SYSTEM32\WINMMBASE.dll
[0505/050917.102:ERROR:process_memory_win.cc(73)] ReadMemory at 0x7ffb3c9b0000 of 64 bytes failed: Only part of a ReadProcessMemory or WriteProcessMemory request was completed. (0x12B)
[0505/050917.102:WARNING:pe_image_reader.cc(340)] could not read dos header from C:\WINDOWS\SYSTEM32\CRYPTBASE.DLL
[0505/050917.102:ERROR:process_memory_win.cc(73)] ReadMemory at 0x7ffb3f960000 of 64 bytes failed: Only part of a ReadProcessMemory or WriteProcessMemory request was completed. (0x12B)
[0505/050917.102:WARNING:pe_image_reader.cc(340)] could not read dos header from C:\WINDOWS\System32\IMM32.DLL
[0505/050917.102:ERROR:process_memory_win.cc(73)] ReadMemory at 0x7ffae4ab0000 of 64 bytes failed: Only part of a ReadProcessMemory or WriteProcessMemory request was completed. (0x12B)
[0505/050917.102:WARNING:pe_image_reader.cc(340)] could not read dos header from C:\Program Files (x86)\Google\Chrome\Application\74.0.3729.131\chrome_child.dll
[0505/050917.102:ERROR:process_memory_win.cc(73)] ReadMemory at 0x7ffb3fca0000 of 64 bytes failed: Only part of a ReadProcessMemory or WriteProcessMemory request was completed. (0x12B)
[0505/050917.102:WARNING:pe_image_reader.cc(340)] could not read dos header from C:\WINDOWS\System32\WS2_32.dll
[0505/050917.102:ERROR:process_memory_win.cc(73)] ReadMemory at 0x7ffb3fdd0000 of 64 bytes failed: Only part of a ReadProcessMemory or WriteProcessMemory request was completed. (0x12B)
[0505/050917.102:WARNING:pe_image_reader.cc(340)] could not read dos header from C:\WINDOWS\System32\ole32.dll
[0505/050917.102:ERROR:process_memory_win.cc(73)] ReadMemory at 0x7ffb40160000 of 64 bytes failed: Only part of a ReadProcessMemory or WriteProcessMemory request was completed. (0x12B)
[0505/050917.103:WARNING:pe_image_reader.cc(340)] could not read dos header from C:\WINDOWS\System32\OLEAUT32.dll
[0505/050917.103:ERROR:process_memory_win.cc(73)] ReadMemory at 0x7ffb3d3f0000 of 64 bytes failed: Only part of a ReadProcessMemory or WriteProcessMemory request was completed. (0x12B)
[0505/050917.103:WARNING:pe_image_reader.cc(340)] could not read dos header from C:\WINDOWS\System32\WINTRUST.dll
[0505/050917.103:ERROR:process_memory_win.cc(73)] ReadMemory at 0x7ffb3cf60000 of 64 bytes failed: Only part of a ReadProcessMemory or WriteProcessMemory request was completed. (0x12B)
[0505/050917.103:WARNING:pe_image_reader.cc(340)] could not read dos header from C:\WINDOWS\System32\MSASN1.dll
[0505/050917.103:ERROR:process_memory_win.cc(73)] ReadMemory at 0x7ffb3d450000 of 64 bytes failed: Only part of a ReadProcessMemory or WriteProcessMemory request was completed. (0x12B)
[0505/050917.103:WARNING:pe_image_reader.cc(340)] could not read dos header from C:\WINDOWS\System32\CRYPT32.dll
[0505/050917.103:ERROR:process_memory_win.cc(73)] ReadMemory at 0x7ffb40070000 of 64 bytes failed: Only part of a ReadProcessMemory or WriteProcessMemory request was completed. (0x12B)
[0505/050917.103:WARNING:pe_image_reader.cc(340)] could not read dos header from C:\WINDOWS\System32\COMDLG32.dll
[0505/050917.103:ERROR:process_memory_win.cc(73)] ReadMemory at 0x7ffb3c560000 of 64 bytes failed: Only part of a ReadProcessMemory or WriteProcessMemory request was completed. (0x12B)
[0505/050917.103:WARNING:pe_image_reader.cc(340)] could not read dos header from C:\WINDOWS\SYSTEM32\IPHLPAPI.DLL
[0505/050917.103:ERROR:process_memory_win.cc(73)] ReadMemory at 0x7ffb316b0000 of 64 bytes failed: Only part of a ReadProcessMemory or WriteProcessMemory request was completed. (0x12B)
[0505/050917.103:WARNING:pe_image_reader.cc(340)] could not read dos header from C:\WINDOWS\SYSTEM32\OLEACC.dll
[0505/050917.103:ERROR:process_memory_win.cc(73)] ReadMemory at 0x7ffb19570000 of 64 bytes failed: Only part of a ReadProcessMemory or WriteProcessMemory request was completed. (0x12B)
[0505/050917.103:WARNING:pe_image_reader.cc(340)] could not read dos header from C:\WINDOWS\SYSTEM32\UIAutomationCore.DLL
[0505/050917.103:ERROR:process_memory_win.cc(73)] ReadMemory at 0x7ffb39b40000 of 64 bytes failed: Only part of a ReadProcessMemory or WriteProcessMemory request was completed. (0x12B)
[0505/050917.103:WARNING:pe_image_reader.cc(340)] could not read dos header from C:\WINDOWS\SYSTEM32\WTSAPI32.dll
[0505/050917.103:ERROR:process_memory_win.cc(73)] ReadMemory at 0x7ffb2b900000 of 64 bytes failed: Only part of a ReadProcessMemory or WriteProcessMemory request was completed. (0x12B)
[0505/050917.104:WARNING:pe_image_reader.cc(340)] could not read dos header from C:\WINDOWS\SYSTEM32\DWrite.dll
[0505/050917.104:ERROR:process_memory_win.cc(73)] ReadMemory at 0x7ffb3bd20000 of 64 bytes failed: Only part of a ReadProcessMemory or WriteProcessMemory request was completed. (0x12B)
[0505/050917.104:WARNING:pe_image_reader.cc(340)] could not read dos header from C:\WINDOWS\SYSTEM32\dxgi.dll
[0505/050917.104:ERROR:process_memory_win.cc(73)] ReadMemory at 0x7ffb34340000 of 64 bytes failed: Only part of a ReadProcessMemory or WriteProcessMemory request was completed. (0x12B)
[0505/050917.104:WARNING:pe_image_reader.cc(340)] could not read dos header from C:\WINDOWS\SYSTEM32\WINSPOOL.DRV
[0505/050917.104:ERROR:process_memory_win.cc(73)] ReadMemory at 0x7ffb28990000 of 64 bytes failed: Only part of a ReadProcessMemory or WriteProcessMemory request was completed. (0x12B)
[0505/050917.104:WARNING:pe_image_reader.cc(340)] could not read dos header from C:\WINDOWS\SYSTEM32\dbghelp.dll
[0505/050917.104:ERROR:process_memory_win.cc(73)] ReadMemory at 0x7ffb309f0000 of 64 bytes failed: Only part of a ReadProcessMemory or WriteProcessMemory request was completed. (0x12B)
[0505/050917.104:WARNING:pe_image_reader.cc(340)] could not read dos header from C:\WINDOWS\WinSxS\amd64_microsoft.windows.common-controls_6595b64144ccf1df_6.0.17134.706_none_fb43a2cb30647007\COMCTL32.dll
[0505/050917.104:ERROR:process_memory_win.cc(73)] ReadMemory at 0x7ffb27100000 of 64 bytes failed: Only part of a ReadProcessMemory or WriteProcessMemory request was completed. (0x12B)
[0505/050917.104:WARNING:pe_image_reader.cc(340)] could not read dos header from C:\WINDOWS\SYSTEM32\USP10.dll
[0505/050917.104:ERROR:process_memory_win.cc(73)] ReadMemory at 0x7ffb38eb0000 of 64 bytes failed: Only part of a ReadProcessMemory or WriteProcessMemory request was completed. (0x12B)
[0505/050917.104:WARNING:pe_image_reader.cc(340)] could not read dos header from C:\WINDOWS\SYSTEM32\WINHTTP.dll
[0505/050917.104:ERROR:process_memory_win.cc(73)] ReadMemory at 0x7ffb2e070000 of 64 bytes failed: Only part of a ReadProcessMemory or WriteProcessMemory request was completed. (0x12B)
[0505/050917.104:WARNING:pe_image_reader.cc(340)] could not read dos header from C:\WINDOWS\SYSTEM32\urlmon.dll
[0505/050917.104:ERROR:process_memory_win.cc(73)] ReadMemory at 0x7ffb2b3e0000 of 64 bytes failed: Only part of a ReadProcessMemory or WriteProcessMemory request was completed. (0x12B)
[0505/050917.104:WARNING:pe_image_reader.cc(340)] could not read dos header from C:\WINDOWS\SYSTEM32\Secur32.dll
[0505/050917.105:ERROR:process_memory_win.cc(73)] ReadMemory at 0x7ffb33490000 of 64 bytes failed: Only part of a ReadProcessMemory or WriteProcessMemory request was completed. (0x12B)
[0505/050917.105:WARNING:pe_image_reader.cc(340)] could not read dos header from C:\WINDOWS\SYSTEM32\dhcpcsvc.DLL
[0505/050917.105:ERROR:process_memory_win.cc(73)] ReadMemory at 0x7ffb3fa30000 of 64 bytes failed: Only part of a ReadProcessMemory or WriteProcessMemory request was completed. (0x12B)
[0505/050917.105:WARNING:pe_image_reader.cc(340)] could not read dos header from C:\WINDOWS\System32\NSI.dll
[0505/050917.105:ERROR:process_memory_win.cc(73)] ReadMemory at 0x7ffb39950000 of 64 bytes failed: Only part of a ReadProcessMemory or WriteProcessMemory request was completed. (0x12B)
[0505/050917.105:WARNING:pe_image_reader.cc(340)] could not read dos header from C:\WINDOWS\SYSTEM32\PROPSYS.dll
[0505/050917.105:ERROR:process_memory_win.cc(73)] ReadMemory at 0x7ffb3cac0000 of 64 bytes failed: Only part of a ReadProcessMemory or WriteProcessMemory request was completed. (0x12B)
[0505/050917.105:WARNING:pe_image_reader.cc(340)] could not read dos header from C:\WINDOWS\SYSTEM32\bcrypt.dll
[0505/050917.105:ERROR:process_memory_win.cc(73)] ReadMemory at 0x7ffb2e3f0000 of 64 bytes failed: Only part of a ReadProcessMemory or WriteProcessMemory request was completed. (0x12B)
[0505/050917.105:WARNING:pe_image_reader.cc(340)] could not read dos header from C:\WINDOWS\SYSTEM32\iertutil.dll
[0505/050917.105:ERROR:process_memory_win.cc(73)] ReadMemory at 0x7ffb3ce60000 of 64 bytes failed: Only part of a ReadProcessMemory or WriteProcessMemory request was completed. (0x12B)
[0505/050917.105:WARNING:pe_image_reader.cc(340)] could not read dos header from C:\WINDOWS\SYSTEM32\SSPICLI.DLL
[0505/050917.124:ERROR:process_memory_win.cc(73)] ReadMemory at 0xf44ff5000 of 45056 bytes failed: Only part of a ReadProcessMemory or WriteProcessMemory request was completed. (0x12B)
[0505/050917.124:ERROR:process_memory_win.cc(73)] ReadMemory at 0xf451ff000 of 4096 bytes failed: Only part of a ReadProcessMemory or WriteProcessMemory request was completed. (0x12B)
[0505/050917.124:ERROR:process_memory_win.cc(73)] ReadMemory at 0xf453fd000 of 12288 bytes failed: Only part of a ReadProcessMemory or WriteProcessMemory request was completed. (0x12B)
[0505/050917.124:ERROR:process_memory_win.cc(73)] ReadMemory at 0xf455fc000 of 16384 bytes failed: Only part of a ReadProcessMemory or WriteProcessMemory request was completed. (0x12B)
[0505/050917.125:ERROR:process_memory_win.cc(73)] ReadMemory at 0xf457fc000 of 16384 bytes failed: Only part of a ReadProcessMemory or WriteProcessMemory request was completed. (0x12B)
[0505/050917.125:ERROR:process_memory_win.cc(73)] ReadMemory at 0xf459fc000 of 16384 bytes failed: Only part of a ReadProcessMemory or WriteProcessMemory request was completed. (0x12B)
[0505/050917.125:ERROR:process_memory_win.cc(73)] ReadMemory at 0xf45bfe000 of 8192 bytes failed: Only part of a ReadProcessMemory or WriteProcessMemory request was completed. (0x12B)
[0505/050917.125:ERROR:process_memory_win.cc(73)] ReadMemory at 0xf45dfd000 of 12288 bytes failed: Only part of a ReadProcessMemory or WriteProcessMemory request was completed. (0x12B)
[0505/050917.125:ERROR:process_memory_win.cc(73)] ReadMemory at 0xf45ffc000 of 16384 bytes failed: Only part of a ReadProcessMemory or WriteProcessMemory request was completed. (0x12B)
[0505/050917.125:ERROR:process_memory_win.cc(73)] ReadMemory at 0xf461fd000 of 12288 bytes failed: Only part of a ReadProcessMemory or WriteProcessMemory request was completed. (0x12B)
[0505/050917.125:ERROR:process_memory_win.cc(73)] ReadMemory at 0xf463fd000 of 12288 bytes failed: Only part of a ReadProcessMemory or WriteProcessMemory request was completed. (0x12B)
[0505/050917.126:ERROR:process_memory_win.cc(73)] ReadMemory at 0xf465fd000 of 12288 bytes failed: Only part of a ReadProcessMemory or WriteProcessMemory request was completed. (0x12B)
[0505/050917.126:ERROR:process_memory_win.cc(73)] ReadMemory at 0xf467fd000 of 12288 bytes failed: Only part of a ReadProcessMemory or WriteProcessMemory request was completed. (0x12B)
[0505/050917.126:ERROR:process_memory_win.cc(73)] ReadMemory at 0xf469f6000 of 40960 bytes failed: Only part of a ReadProcessMemory or WriteProcessMemory request was completed. (0x12B)
[0505/050917.126:ERROR:process_memory_win.cc(73)] ReadMemory at 0xf46bfc000 of 16384 bytes failed: Only part of a ReadProcessMemory or WriteProcessMemory request was completed. (0x12B)
[0505/050917.126:ERROR:process_memory_win.cc(73)] ReadMemory at 0xf46dfd000 of 12288 bytes failed: Only part of a ReadProcessMemory or WriteProcessMemory request was completed. (0x12B)
[0505/050917.126:ERROR:process_memory_win.cc(73)] ReadMemory at 0xf44dc5000 of 852 bytes failed: Only part of a ReadProcessMemory or WriteProcessMemory request was completed. (0x12B)
[0505/050917.126:ERROR:process_memory_win.cc(73)] ReadMemory at 0xf44dc6000 of 6024 bytes failed: Only part of a ReadProcessMemory or WriteProcessMemory request was completed. (0x12B)
[0505/050917.126:ERROR:process_memory_win.cc(73)] ReadMemory at 0xf44dc8000 of 6024 bytes failed: Only part of a ReadProcessMemory or WriteProcessMemory request was completed. (0x12B)
[0505/050917.127:ERROR:process_memory_win.cc(73)] ReadMemory at 0xf44dca000 of 6024 bytes failed: Only part of a ReadProcessMemory or WriteProcessMemory request was completed. (0x12B)
[0505/050917.127:ERROR:process_memory_win.cc(73)] ReadMemory at 0xf44dcc000 of 6024 bytes failed: Only part of a ReadProcessMemory or WriteProcessMemory request was completed. (0x12B)
[0505/050917.127:ERROR:process_memory_win.cc(73)] ReadMemory at 0xf44dce000 of 6024 bytes failed: Only part of a ReadProcessMemory or WriteProcessMemory request was completed. (0x12B)
[0505/050917.127:ERROR:process_memory_win.cc(73)] ReadMemory at 0xf44dd0000 of 6024 bytes failed: Only part of a ReadProcessMemory or WriteProcessMemory request was completed. (0x12B)
[0505/050917.127:ERROR:process_memory_win.cc(73)] ReadMemory at 0xf44dd2000 of 6024 bytes failed: Only part of a ReadProcessMemory or WriteProcessMemory request was completed. (0x12B)
[0505/050917.127:ERROR:process_memory_win.cc(73)] ReadMemory at 0xf44dd4000 of 6024 bytes failed: Only part of a ReadProcessMemory or WriteProcessMemory request was completed. (0x12B)
[0505/050917.127:ERROR:process_memory_win.cc(73)] ReadMemory at 0xf44dd6000 of 6024 bytes failed: Only part of a ReadProcessMemory or WriteProcessMemory request was completed. (0x12B)
[0505/050917.128:ERROR:process_memory_win.cc(73)] ReadMemory at 0xf44dd8000 of 6024 bytes failed: Only part of a ReadProcessMemory or WriteProcessMemory request was completed. (0x12B)
[0505/050917.128:ERROR:process_memory_win.cc(73)] ReadMemory at 0xf44dda000 of 6024 bytes failed: Only part of a ReadProcessMemory or WriteProcessMemory request was completed. (0x12B)
[0505/050917.128:ERROR:process_memory_win.cc(73)] ReadMemory at 0xf44ddc000 of 6024 bytes failed: Only part of a ReadProcessMemory or WriteProcessMemory request was completed. (0x12B)
[0505/050917.128:ERROR:process_memory_win.cc(73)] ReadMemory at 0xf44dde000 of 6024 bytes failed: Only part of a ReadProcessMemory or WriteProcessMemory request was completed. (0x12B)
[0505/050917.128:ERROR:process_memory_win.cc(73)] ReadMemory at 0xf44de0000 of 6024 bytes failed: Only part of a ReadProcessMemory or WriteProcessMemory request was completed. (0x12B)
[0505/050917.128:ERROR:process_memory_win.cc(73)] ReadMemory at 0xf44de2000 of 6024 bytes failed: Only part of a ReadProcessMemory or WriteProcessMemory request was completed. (0x12B)
[0505/050917.128:ERROR:process_memory_win.cc(73)] ReadMemory at 0xf44de4000 of 6024 bytes failed: Only part of a ReadProcessMemory or WriteProcessMemory request was completed. (0x12B)
[0505/050917.129:ERROR:process_memory_win.cc(73)] ReadMemory at 0x1749cd40ab0 of 512 bytes failed: Only part of a ReadProcessMemory or WriteProcessMemory request was completed. (0x12B)
[0505/050917.129:ERROR:process_memory_win.cc(73)] ReadMemory at 0x1749cd40fc0 of 6274 bytes failed: Only part of a ReadProcessMemory or WriteProcessMemory request was completed. (0x12B)
[0505/050917.129:ERROR:process_memory_win.cc(73)] ReadMemory at 0x1749cd42850 of 1012 bytes failed: Only part of a ReadProcessMemory or WriteProcessMemory request was completed. (0x12B)
[0505/050917.129:ERROR:process_memory_win.cc(73)] ReadMemory at 0x1749cd42e68 of 118 bytes failed: Only part of a ReadProcessMemory or WriteProcessMemory request was completed. (0x12B)
[0505/050917.129:ERROR:process_memory_win.cc(73)] ReadMemory at 0x1749cd42ee0 of 996 bytes failed: Only part of a ReadProcessMemory or WriteProcessMemory request was completed. (0x12B)
[0505/050917.129:ERROR:process_memory_win.cc(73)] ReadMemory at 0x1749cd432c6 of 118 bytes failed: Only part of a ReadProcessMemory or WriteProcessMemory request was completed. (0x12B)
[0505/050917.129:ERROR:process_memory_win.cc(73)] ReadMemory at 0x1749cd4333e of 100 bytes failed: Only part of a ReadProcessMemory or WriteProcessMemory request was completed. (0x12B)
[0505/050917.129:ERROR:process_memory_win.cc(73)] ReadMemory at 0x1749cd433b0 of 58 bytes failed: Only part of a ReadProcessMemory or WriteProcessMemory request was completed. (0x12B)
[0505/050917.129:ERROR:process_memory_win.cc(73)] ReadMemory at 0x1749cd434b0 of 132 bytes failed: Only part of a ReadProcessMemory or WriteProcessMemory request was completed. (0x12B)
[0505/050917.130:ERROR:process_memory_win.cc(73)] ReadMemory at 0x1749cd43640 of 132 bytes failed: Only part of a ReadProcessMemory or WriteProcessMemory request was completed. (0x12B)
[0505/050917.130:ERROR:process_memory_win.cc(73)] ReadMemory at 0x1749cd43800 of 126 bytes failed: Only part of a ReadProcessMemory or WriteProcessMemory request was completed. (0x12B)
[0505/050917.130:ERROR:process_memory_win.cc(73)] ReadMemory at 0x1749cd43be0 of 132 bytes failed: Only part of a ReadProcessMemory or WriteProcessMemory request was completed. (0x12B)
[0505/050917.130:ERROR:process_memory_win.cc(73)] ReadMemory at 0x1749cd43d30 of 548 bytes failed: Only part of a ReadProcessMemory or WriteProcessMemory request was completed. (0x12B)
[0505/050917.130:ERROR:process_memory_win.cc(73)] ReadMemory at 0x1749cd440d0 of 62 bytes failed: Only part of a ReadProcessMemory or WriteProcessMemory request was completed. (0x12B)
[0505/050917.130:ERROR:process_memory_win.cc(73)] ReadMemory at 0x1749cd441c0 of 132 bytes failed: Only part of a ReadProcessMemory or WriteProcessMemory request was completed. (0x12B)
[0505/050917.130:ERROR:process_memory_win.cc(73)] ReadMemory at 0x1749cd44350 of 68 bytes failed: Only part of a ReadProcessMemory or WriteProcessMemory request was completed. (0x12B)
[0505/050917.130:ERROR:process_memory_win.cc(73)] ReadMemory at 0x1749cd4a7a0 of 132 bytes failed: Only part of a ReadProcessMemory or WriteProcessMemory request was completed. (0x12B)
[0505/050917.131:ERROR:process_memory_win.cc(73)] ReadMemory at 0x1749cd4a9e0 of 132 bytes failed: Only part of a ReadProcessMemory or WriteProcessMemory request was completed. (0x12B)
[0505/050917.131:ERROR:process_memory_win.cc(73)] ReadMemory at 0x1749cd4ab70 of 62 bytes failed: Only part of a ReadProcessMemory or WriteProcessMemory request was completed. (0x12B)
[0505/050917.131:ERROR:process_memory_win.cc(73)] ReadMemory at 0x1749cd4c300 of 132 bytes failed: Only part of a ReadProcessMemory or WriteProcessMemory request was completed. (0x12B)
[0505/050917.131:ERROR:process_memory_win.cc(73)] ReadMemory at 0x1749cd4c490 of 60 bytes failed: Only part of a ReadProcessMemory or WriteProcessMemory request was completed. (0x12B)
[0505/050917.131:ERROR:process_memory_win.cc(73)] ReadMemory at 0x1749cd4c6e0 of 132 bytes failed: Only part of a ReadProcessMemory or WriteProcessMemory request was completed. (0x12B)
[0505/050917.131:ERROR:process_memory_win.cc(73)] ReadMemory at 0x1749cd4c870 of 64 bytes failed: Only part of a ReadProcessMemory or WriteProcessMemory request was completed. (0x12B)
[0505/050917.131:ERROR:process_memory_win.cc(73)] ReadMemory at 0x1749cd4caf0 of 132 bytes failed: Only part of a ReadProcessMemory or WriteProcessMemory request was completed. (0x12B)
[0505/050917.131:ERROR:process_memory_win.cc(73)] ReadMemory at 0x1749cd4cc80 of 64 bytes failed: Only part of a ReadProcessMemory or WriteProcessMemory request was completed. (0x12B)
[0505/050917.131:ERROR:process_memory_win.cc(73)] ReadMemory at 0x1749cd4cee0 of 132 bytes failed: Only part of a ReadProcessMemory or WriteProcessMemory request was completed. (0x12B)
[0505/050917.131:ERROR:process_memory_win.cc(73)] ReadMemory at 0x1749cd4d070 of 60 bytes failed: Only part of a ReadProcessMemory or WriteProcessMemory request was completed. (0x12B)
[0505/050917.131:ERROR:process_memory_win.cc(73)] ReadMemory at 0x1749cd4d390 of 132 bytes failed: Only part of a ReadProcessMemory or WriteProcessMemory request was completed. (0x12B)
[0505/050917.132:ERROR:process_memory_win.cc(73)] ReadMemory at 0x1749cd4d520 of 60 bytes failed: Only part of a ReadProcessMemory or WriteProcessMemory request was completed. (0x12B)
[0505/050917.132:ERROR:process_memory_win.cc(73)] ReadMemory at 0x1749cd4d760 of 132 bytes failed: Only part of a ReadProcessMemory or WriteProcessMemory request was completed. (0x12B)
[0505/050917.132:ERROR:process_memory_win.cc(73)] ReadMemory at 0x1749cd4d8f0 of 62 bytes failed: Only part of a ReadProcessMemory or WriteProcessMemory request was completed. (0x12B)
[0505/050917.132:ERROR:process_memory_win.cc(73)] ReadMemory at 0x1749cd4e440 of 132 bytes failed: Only part of a ReadProcessMemory or WriteProcessMemory request was completed. (0x12B)
[0505/050917.132:ERROR:process_memory_win.cc(73)] ReadMemory at 0x1749cd4e620 of 80 bytes failed: Only part of a ReadProcessMemory or WriteProcessMemory request was completed. (0x12B)
[0505/050917.132:ERROR:process_memory_win.cc(73)] ReadMemory at 0x1749cd4ea40 of 78 bytes failed: Only part of a ReadProcessMemory or WriteProcessMemory request was completed. (0x12B)
[0505/050917.132:ERROR:process_memory_win.cc(73)] ReadMemory at 0x1749cd4eaa0 of 76 bytes failed: Only part of a ReadProcessMemory or WriteProcessMemory request was completed. (0x12B)
[0505/050917.132:ERROR:process_memory_win.cc(73)] ReadMemory at 0x1749cd4ef70 of 132 bytes failed: Only part of a ReadProcessMemory or WriteProcessMemory request was completed. (0x12B)
[0505/050917.132:ERROR:process_memory_win.cc(73)] ReadMemory at 0x1749cd4f020 of 512 bytes failed: Only part of a ReadProcessMemory or WriteProcessMemory request was completed. (0x12B)
[0505/050917.132:ERROR:process_memory_win.cc(73)] ReadMemory at 0x1749cd4f450 of 132 bytes failed: Only part of a ReadProcessMemory or WriteProcessMemory request was completed. (0x12B)
[0505/050917.133:ERROR:process_memory_win.cc(73)] ReadMemory at 0x1749cd4f6c0 of 62 bytes failed: Only part of a ReadProcessMemory or WriteProcessMemory request was completed. (0x12B)
[0505/050917.133:ERROR:process_memory_win.cc(73)] ReadMemory at 0x1749cd4f760 of 58 bytes failed: Only part of a ReadProcessMemory or WriteProcessMemory request was completed. (0x12B)
[0505/050917.133:ERROR:process_memory_win.cc(73)] ReadMemory at 0x1749cd4f800 of 66 bytes failed: Only part of a ReadProcessMemory or WriteProcessMemory request was completed. (0x12B)
[0505/050917.133:ERROR:process_memory_win.cc(73)] ReadMemory at 0x1749cd4f850 of 64 bytes failed: Only part of a ReadProcessMemory or WriteProcessMemory request was completed. (0x12B)
[0505/050917.133:ERROR:process_memory_win.cc(73)] ReadMemory at 0x1749cd4f940 of 60 bytes failed: Only part of a ReadProcessMemory or WriteProcessMemory request was completed. (0x12B)
[0505/050917.133:ERROR:process_memory_win.cc(73)] ReadMemory at 0x1749cd4f990 of 60 bytes failed: Only part of a ReadProcessMemory or WriteProcessMemory request was completed. (0x12B)
[0505/050917.133:ERROR:process_memory_win.cc(73)] ReadMemory at 0x1749cd4fa30 of 62 bytes failed: Only part of a ReadProcessMemory or WriteProcessMemory request was completed. (0x12B)
[0505/050917.133:ERROR:process_memory_win.cc(73)] ReadMemory at 0x1749cd4fa80 of 66 bytes failed: Only part of a ReadProcessMemory or WriteProcessMemory request was completed. (0x12B)
[0505/050917.133:ERROR:process_memory_win.cc(73)] ReadMemory at 0x1749cd4fad0 of 58 bytes failed: Only part of a ReadProcessMemory or WriteProcessMemory request was completed. (0x12B)
[0505/050917.134:ERROR:process_memory_win.cc(73)] ReadMemory at 0x1749cd4fb20 of 66 bytes failed: Only part of a ReadProcessMemory or WriteProcessMemory request was completed. (0x12B)
[0505/050917.134:ERROR:process_memory_win.cc(73)] ReadMemory at 0x1749cd4fb70 of 62 bytes failed: Only part of a ReadProcessMemory or WriteProcessMemory request was completed. (0x12B)
[0505/050917.134:ERROR:process_memory_win.cc(73)] ReadMemory at 0x1749cd4fbc0 of 60 bytes failed: Only part of a ReadProcessMemory or WriteProcessMemory request was completed. (0x12B)
[0505/050917.134:ERROR:process_memory_win.cc(73)] ReadMemory at 0x1749cd4fc10 of 62 bytes failed: Only part of a ReadProcessMemory or WriteProcessMemory request was completed. (0x12B)
[0505/050917.134:ERROR:process_memory_win.cc(73)] ReadMemory at 0x1749cd4fc60 of 64 bytes failed: Only part of a ReadProcessMemory or WriteProcessMemory request was completed. (0x12B)
[0505/050917.135:ERROR:process_memory_win.cc(73)] ReadMemory at 0x1749cd4fcb0 of 62 bytes failed: Only part of a ReadProcessMemory or WriteProcessMemory request was completed. (0x12B)
[0505/050917.135:ERROR:process_memory_win.cc(73)] ReadMemory at 0x1749cd50eb0 of 132 bytes failed: Only part of a ReadProcessMemory or WriteProcessMemory request was completed. (0x12B)
[0505/050917.135:ERROR:process_memory_win.cc(73)] ReadMemory at 0x1749cd50fe0 of 158 bytes failed: Only part of a ReadProcessMemory or WriteProcessMemory request was completed. (0x12B)
[0505/050917.135:ERROR:process_memory_win.cc(73)] ReadMemory at 0x1749cd51100 of 132 bytes failed: Only part of a ReadProcessMemory or WriteProcessMemory request was completed. (0x12B)
[0505/050917.135:ERROR:process_memory_win.cc(73)] ReadMemory at 0x1749cd51230 of 132 bytes failed: Only part of a ReadProcessMemory or WriteProcessMemory request was completed. (0x12B)
[0505/050917.135:ERROR:process_memory_win.cc(73)] ReadMemory at 0x1749cd51360 of 132 bytes failed: Only part of a ReadProcessMemory or WriteProcessMemory request was completed. (0x12B)
[0505/050917.135:ERROR:process_memory_win.cc(73)] ReadMemory at 0x1749cd51490 of 132 bytes failed: Only part of a ReadProcessMemory or WriteProcessMemory request was completed. (0x12B)
[0505/050917.135:ERROR:process_memory_win.cc(73)] ReadMemory at 0x1749cd515c0 of 132 bytes failed: Only part of a ReadProcessMemory or WriteProcessMemory request was completed. (0x12B)
[0505/050917.135:ERROR:process_memory_win.cc(73)] ReadMemory at 0x1749cd516f0 of 132 bytes failed: Only part of a ReadProcessMemory or WriteProcessMemory request was completed. (0x12B)
[0505/050917.136:ERROR:process_memory_win.cc(73)] ReadMemory at 0x1749cd51820 of 132 bytes failed: Only part of a ReadProcessMemory or WriteProcessMemory request was completed. (0x12B)
[0505/050917.136:ERROR:process_memory_win.cc(73)] ReadMemory at 0x1749cd51950 of 132 bytes failed: Only part of a ReadProcessMemory or WriteProcessMemory request was completed. (0x12B)
[0505/050917.136:ERROR:process_memory_win.cc(73)] ReadMemory at 0x1749cd51a80 of 132 bytes failed: Only part of a ReadProcessMemory or WriteProcessMemory request was completed. (0x12B)
[0505/050917.136:ERROR:process_memory_win.cc(73)] ReadMemory at 0x1749cd51bb0 of 132 bytes failed: Only part of a ReadProcessMemory or WriteProcessMemory request was completed. (0x12B)
[0505/050917.136:ERROR:process_memory_win.cc(73)] ReadMemory at 0x1749cd51ce0 of 132 bytes failed: Only part of a ReadProcessMemory or WriteProcessMemory request was completed. (0x12B)
[0505/050917.136:ERROR:process_memory_win.cc(73)] ReadMemory at 0x1749cd51e10 of 132 bytes failed: Only part of a ReadProcessMemory or WriteProcessMemory request was completed. (0x12B)
[0505/050917.136:ERROR:process_memory_win.cc(73)] ReadMemory at 0x1749cd51f40 of 132 bytes failed: Only part of a ReadProcessMemory or WriteProcessMemory request was completed. (0x12B)
[0505/050917.136:ERROR:process_memory_win.cc(73)] ReadMemory at 0x1749cd53260 of 512 bytes failed: Only part of a ReadProcessMemory or WriteProcessMemory request was completed. (0x12B)
[0505/050917.136:ERROR:process_memory_win.cc(73)] ReadMemory at 0x1749cd53a20 of 154 bytes failed: Only part of a ReadProcessMemory or WriteProcessMemory request was completed. (0x12B)
[0505/050917.136:ERROR:process_memory_win.cc(73)] ReadMemory at 0x1749cd55330 of 132 bytes failed: Only part of a ReadProcessMemory or WriteProcessMemory request was completed. (0x12B)
[0505/050917.137:ERROR:process_memory_win.cc(73)] ReadMemory at 0x1749cd55460 of 132 bytes failed: Only part of a ReadProcessMemory or WriteProcessMemory request was completed. (0x12B)
[0505/050917.137:ERROR:process_memory_win.cc(73)] ReadMemory at 0x1749cd55590 of 132 bytes failed: Only part of a ReadProcessMemory or WriteProcessMemory request was completed. (0x12B)
[0505/050917.137:ERROR:process_memory_win.cc(73)] ReadMemory at 0x1749cd556c0 of 132 bytes failed: Only part of a ReadProcessMemory or WriteProcessMemory request was completed. (0x12B)
[0505/050917.137:ERROR:process_memory_win.cc(73)] ReadMemory at 0x1749cd557f0 of 132 bytes failed: Only part of a ReadProcessMemory or WriteProcessMemory request was completed. (0x12B)
[0505/050917.137:ERROR:process_memory_win.cc(73)] ReadMemory at 0x1749cd55920 of 132 bytes failed: Only part of a ReadProcessMemory or WriteProcessMemory request was completed. (0x12B)
[0505/050917.137:ERROR:process_memory_win.cc(73)] ReadMemory at 0x1749cd55a50 of 132 bytes failed: Only part of a ReadProcessMemory or WriteProcessMemory request was completed. (0x12B)
[0505/050917.137:ERROR:process_memory_win.cc(73)] ReadMemory at 0x1749cd55b80 of 132 bytes failed: Only part of a ReadProcessMemory or WriteProcessMemory request was completed. (0x12B)
[0505/050917.137:ERROR:process_memory_win.cc(73)] ReadMemory at 0x1749cd55cb0 of 132 bytes failed: Only part of a ReadProcessMemory or WriteProcessMemory request was completed. (0x12B)
[0505/050917.138:ERROR:process_memory_win.cc(73)] ReadMemory at 0x1749cd55de0 of 132 bytes failed: Only part of a ReadProcessMemory or WriteProcessMemory request was completed. (0x12B)
[0505/050917.138:ERROR:process_memory_win.cc(73)] ReadMemory at 0x1749cd55f10 of 132 bytes failed: Only part of a ReadProcessMemory or WriteProcessMemory request was completed. (0x12B)
[0505/050917.138:ERROR:process_memory_win.cc(73)] ReadMemory at 0x1749cd56040 of 132 bytes failed: Only part of a ReadProcessMemory or WriteProcessMemory request was completed. (0x12B)
[0505/050917.138:ERROR:process_memory_win.cc(73)] ReadMemory at 0x1749cd56170 of 132 bytes failed: Only part of a ReadProcessMemory or WriteProcessMemory request was completed. (0x12B)
[0505/050917.138:ERROR:process_memory_win.cc(73)] ReadMemory at 0x1749cd563d0 of 132 bytes failed: Only part of a ReadProcessMemory or WriteProcessMemory request was completed. (0x12B)
[0505/050917.138:ERROR:process_memory_win.cc(73)] ReadMemory at 0x1749cd56500 of 132 bytes failed: Only part of a ReadProcessMemory or WriteProcessMemory request was completed. (0x12B)
[0505/050917.138:ERROR:process_memory_win.cc(73)] ReadMemory at 0x1749cd56630 of 132 bytes failed: Only part of a ReadProcessMemory or WriteProcessMemory request was completed. (0x12B)
[0505/050917.138:ERROR:process_memory_win.cc(73)] ReadMemory at 0x1749cd56760 of 132 bytes failed: Only part of a ReadProcessMemory or WriteProcessMemory request was completed. (0x12B)
[0505/050917.138:ERROR:process_memory_win.cc(73)] ReadMemory at 0x1749cd56890 of 132 bytes failed: Only part of a ReadProcessMemory or WriteProcessMemory request was completed. (0x12B)
[0505/050917.138:ERROR:process_memory_win.cc(73)] ReadMemory at 0x1749cd569c0 of 132 bytes failed: Only part of a ReadProcessMemory or WriteProcessMemory request was completed. (0x12B)
[0505/050917.139:ERROR:process_memory_win.cc(73)] ReadMemory at 0x1749cd56af0 of 132 bytes failed: Only part of a ReadProcessMemory or WriteProcessMemory request was completed. (0x12B)
[0505/050917.139:ERROR:process_memory_win.cc(73)] ReadMemory at 0x1749cd56c20 of 132 bytes failed: Only part of a ReadProcessMemory or WriteProcessMemory request was completed. (0x12B)
[0505/050917.139:ERROR:process_memory_win.cc(73)] ReadMemory at 0x1749cd56d50 of 132 bytes failed: Only part of a ReadProcessMemory or WriteProcessMemory request was completed. (0x12B)
[0505/050917.139:ERROR:process_memory_win.cc(73)] ReadMemory at 0x1749cd56e80 of 132 bytes failed: Only part of a ReadProcessMemory or WriteProcessMemory request was completed. (0x12B)
[0505/050917.139:ERROR:process_memory_win.cc(73)] ReadMemory at 0x1749cd56fb0 of 132 bytes failed: Only part of a ReadProcessMemory or WriteProcessMemory request was completed. (0x12B)
[0505/050917.139:ERROR:process_memory_win.cc(73)] ReadMemory at 0x1749cd570e0 of 132 bytes failed: Only part of a ReadProcessMemory or WriteProcessMemory request was completed. (0x12B)
[0505/050917.139:ERROR:process_memory_win.cc(73)] ReadMemory at 0x1749cd593e0 of 80 bytes failed: Only part of a ReadProcessMemory or WriteProcessMemory request was completed. (0x12B)
[0505/050917.139:ERROR:process_memory_win.cc(73)] ReadMemory at 0x1749cd59d70 of 60 bytes failed: Only part of a ReadProcessMemory or WriteProcessMemory request was completed. (0x12B)
[0505/050917.139:ERROR:process_memory_win.cc(73)] ReadMemory at 0x1749cd59dc0 of 64 bytes failed: Only part of a ReadProcessMemory or WriteProcessMemory request was completed. (0x12B)
[0505/050917.139:ERROR:process_memory_win.cc(73)] ReadMemory at 0x1749cd59fa0 of 64 bytes failed: Only part of a ReadProcessMemory or WriteProcessMemory request was completed. (0x12B)
[0505/050917.139:ERROR:process_memory_win.cc(73)] ReadMemory at 0x1749cd5a0e0 of 64 bytes failed: Only part of a ReadProcessMemory or WriteProcessMemory request was completed. (0x12B)
[0505/050917.140:ERROR:process_memory_win.cc(73)] ReadMemory at 0x1749cd5a130 of 60 bytes failed: Only part of a ReadProcessMemory or WriteProcessMemory request was completed. (0x12B)
[0505/050917.140:ERROR:process_memory_win.cc(73)] ReadMemory at 0x1749cd5a180 of 62 bytes failed: Only part of a ReadProcessMemory or WriteProcessMemory request was completed. (0x12B)
[0505/050917.140:ERROR:process_memory_win.cc(73)] ReadMemory at 0x1749cd5a360 of 66 bytes failed: Only part of a ReadProcessMemory or WriteProcessMemory request was completed. (0x12B)
[0505/050917.140:ERROR:process_memory_win.cc(73)] ReadMemory at 0x1749cd5a4f0 of 64 bytes failed: Only part of a ReadProcessMemory or WriteProcessMemory request was completed. (0x12B)
[0505/050917.140:ERROR:process_memory_win.cc(73)] ReadMemory at 0x1749cd5a950 of 60 bytes failed: Only part of a ReadProcessMemory or WriteProcessMemory request was completed. (0x12B)
[0505/050917.140:ERROR:process_memory_win.cc(73)] ReadMemory at 0x1749cd5a9a0 of 58 bytes failed: Only part of a ReadProcessMemory or WriteProcessMemory request was completed. (0x12B)
[0505/050917.140:ERROR:process_memory_win.cc(73)] ReadMemory at 0x1749cd5aa40 of 58 bytes failed: Only part of a ReadProcessMemory or WriteProcessMemory request was completed. (0x12B)
[0505/050917.140:ERROR:process_memory_win.cc(73)] ReadMemory at 0x1749cd64150 of 54 bytes failed: Only part of a ReadProcessMemory or WriteProcessMemory request was completed. (0x12B)
[0505/050917.140:ERROR:process_memory_win.cc(73)] ReadMemory at 0x1749cd68df0 of 246 bytes failed: Only part of a ReadProcessMemory or WriteProcessMemory request was completed. (0x12B)
[0505/050917.141:ERROR:process_memory_win.cc(73)] ReadMemory at 0x1749cd69f70 of 62 bytes failed: Only part of a ReadProcessMemory or WriteProcessMemory request was completed. (0x12B)
[0505/050917.141:ERROR:process_memory_win.cc(73)] ReadMemory at 0x1749cd6a060 of 64 bytes failed: Only part of a ReadProcessMemory or WriteProcessMemory request was completed. (0x12B)
[0505/050917.141:ERROR:process_memory_win.cc(73)] ReadMemory at 0x1749cd6a0b0 of 60 bytes failed: Only part of a ReadProcessMemory or WriteProcessMemory request was completed. (0x12B)
[0505/050917.141:ERROR:process_memory_win.cc(73)] ReadMemory at 0x1749cd6a1f0 of 58 bytes failed: Only part of a ReadProcessMemory or WriteProcessMemory request was completed. (0x12B)
[0505/050917.141:ERROR:process_memory_win.cc(73)] ReadMemory at 0x1749cd6a330 of 64 bytes failed: Only part of a ReadProcessMemory or WriteProcessMemory request was completed. (0x12B)
[0505/050917.141:ERROR:process_memory_win.cc(73)] ReadMemory at 0x1749cd6a4c0 of 62 bytes failed: Only part of a ReadProcessMemory or WriteProcessMemory request was completed. (0x12B)
[0505/050917.141:ERROR:process_memory_win.cc(73)] ReadMemory at 0x1749cd6a7e0 of 60 bytes failed: Only part of a ReadProcessMemory or WriteProcessMemory request was completed. (0x12B)
[0505/050917.141:ERROR:process_memory_win.cc(73)] ReadMemory at 0x1749cd6aa10 of 64 bytes failed: Only part of a ReadProcessMemory or WriteProcessMemory request was completed. (0x12B)
[0505/050917.141:ERROR:process_memory_win.cc(73)] ReadMemory at 0x1749cd6aa60 of 62 bytes failed: Only part of a ReadProcessMemory or WriteProcessMemory request was completed. (0x12B)
[0505/050917.142:ERROR:process_memory_win.cc(73)] ReadMemory at 0x1749cd6aab0 of 64 bytes failed: Only part of a ReadProcessMemory or WriteProcessMemory request was completed. (0x12B)
[0505/050917.142:ERROR:process_memory_win.cc(73)] ReadMemory at 0x1749cd6ab00 of 60 bytes failed: Only part of a ReadProcessMemory or WriteProcessMemory request was completed. (0x12B)
[0505/050917.142:ERROR:process_memory_win.cc(73)] ReadMemory at 0x1749cd6aba0 of 62 bytes failed: Only part of a ReadProcessMemory or WriteProcessMemory request was completed. (0x12B)
[0505/050917.142:ERROR:process_memory_win.cc(73)] ReadMemory at 0x1749cd6ac90 of 56 bytes failed: Only part of a ReadProcessMemory or WriteProcessMemory request was completed. (0x12B)
[0505/050917.142:ERROR:process_memory_win.cc(73)] ReadMemory at 0x1749cd6aec0 of 62 bytes failed: Only part of a ReadProcessMemory or WriteProcessMemory request was completed. (0x12B)
[0505/050917.142:ERROR:process_memory_win.cc(73)] ReadMemory at 0x1749cd6b570 of 132 bytes failed: Only part of a ReadProcessMemory or WriteProcessMemory request was completed. (0x12B)
[0505/050917.142:ERROR:process_memory_win.cc(73)] ReadMemory at 0x1749cd6bb60 of 132 bytes failed: Only part of a ReadProcessMemory or WriteProcessMemory request was completed. (0x12B)
[0505/050917.142:ERROR:process_memory_win.cc(73)] ReadMemory at 0x1749cd6bc90 of 132 bytes failed: Only part of a ReadProcessMemory or WriteProcessMemory request was completed. (0x12B)
[0505/050917.142:ERROR:process_memory_win.cc(73)] ReadMemory at 0x1749cd6c280 of 132 bytes failed: Only part of a ReadProcessMemory or WriteProcessMemory request was completed. (0x12B)
[0505/050917.142:ERROR:process_memory_win.cc(73)] ReadMemory at 0x1749cd6cc00 of 132 bytes failed: Only part of a ReadProcessMemory or WriteProcessMemory request was completed. (0x12B)
[0505/050917.142:ERROR:process_memory_win.cc(73)] ReadMemory at 0x1749cd7cb30 of 512 bytes failed: Only part of a ReadProcessMemory or WriteProcessMemory request was completed. (0x12B)
[0505/050917.143:ERROR:process_memory_win.cc(73)] ReadMemory at 0x1749d071c00 of 512 bytes failed: Only part of a ReadProcessMemory or WriteProcessMemory request was completed. (0x12B)
[0505/050917.143:ERROR:process_memory_win.cc(73)] ReadMemory at 0x1749d0fffc0 of 512 bytes failed: Only part of a ReadProcessMemory or WriteProcessMemory request was completed. (0x12B)
[0505/050917.143:ERROR:process_memory_win.cc(73)] ReadMemory at 0x1749d11e170 of 696 bytes failed: Only part of a ReadProcessMemory or WriteProcessMemory request was completed. (0x12B)
[0505/050917.143:ERROR:process_memory_win.cc(73)] ReadMemory at 0x1749d120ef0 of 512 bytes failed: Only part of a ReadProcessMemory or WriteProcessMemory request was completed. (0x12B)
[0505/050917.143:ERROR:process_memory_win.cc(73)] ReadMemory at 0x1749d12a3e0 of 512 bytes failed: Only part of a ReadProcessMemory or WriteProcessMemory request was completed. (0x12B)
[0505/050917.143:ERROR:process_memory_win.cc(73)] ReadMemory at 0x1749d1bb790 of 512 bytes failed: Only part of a ReadProcessMemory or WriteProcessMemory request was completed. (0x12B)
[0505/050917.143:ERROR:process_memory_win.cc(73)] ReadMemory at 0x1749f019ca0 of 512 bytes failed: Only part of a ReadProcessMemory or WriteProcessMemory request was completed. (0x12B)
[0505/050917.143:ERROR:process_memory_win.cc(73)] ReadMemory at 0x1749f03ffa0 of 512 bytes failed: Only part of a ReadProcessMemory or WriteProcessMemory request was completed. (0x12B)
[0505/050917.143:ERROR:process_memory_win.cc(73)] ReadMemory at 0x1749f0402a0 of 512 bytes failed: Only part of a ReadProcessMemory or WriteProcessMemory request was completed. (0x12B)
[0505/050917.143:ERROR:process_memory_win.cc(73)] ReadMemory at 0x1749f0405a0 of 512 bytes failed: Only part of a ReadProcessMemory or WriteProcessMemory request was completed. (0x12B)
[0505/050917.144:ERROR:process_memory_win.cc(73)] ReadMemory at 0x1749f049f00 of 512 bytes failed: Only part of a ReadProcessMemory or WriteProcessMemory request was completed. (0x12B)
[0505/050917.144:ERROR:process_memory_win.cc(73)] ReadMemory at 0x1749f04c230 of 512 bytes failed: Only part of a ReadProcessMemory or WriteProcessMemory request was completed. (0x12B)
[0505/050917.144:ERROR:process_memory_win.cc(73)] ReadMemory at 0x1749f04c8b0 of 512 bytes failed: Only part of a ReadProcessMemory or WriteProcessMemory request was completed. (0x12B)
[0505/050917.144:ERROR:process_memory_win.cc(73)] ReadMemory at 0x1749f06f510 of 512 bytes failed: Only part of a ReadProcessMemory or WriteProcessMemory request was completed. (0x12B)
[0505/050917.144:ERROR:process_memory_win.cc(73)] ReadMemory at 0x1749f08d8b0 of 512 bytes failed: Only part of a ReadProcessMemory or WriteProcessMemory request was completed. (0x12B)
[0505/050917.144:ERROR:process_memory_win.cc(73)] ReadMemory at 0x1749f52af00 of 512 bytes failed: Only part of a ReadProcessMemory or WriteProcessMemory request was completed. (0x12B)
[0505/050917.144:ERROR:process_memory_win.cc(73)] ReadMemory at 0x1749f6fbfc0 of 512 bytes failed: Only part of a ReadProcessMemory or WriteProcessMemory request was completed. (0x12B)
[0505/050917.144:ERROR:process_memory_win.cc(73)] ReadMemory at 0x1409534b37f9 of 512 bytes failed: Only part of a ReadProcessMemory or WriteProcessMemory request was completed. (0x12B)
[0505/050917.145:ERROR:process_memory_win.cc(73)] ReadMemory at 0x1409534b3b59 of 512 bytes failed: Only part of a ReadProcessMemory or WriteProcessMemory request was completed. (0x12B)
[0505/050917.145:ERROR:process_memory_win.cc(73)] ReadMemory at 0x33e204a14c21 of 512 bytes failed: Only part of a ReadProcessMemory or WriteProcessMemory request was completed. (0x12B)
[0505/050917.145:ERROR:process_memory_win.cc(73)] ReadMemory at 0x608313939c40 of 512 bytes failed: Only part of a ReadProcessMemory or WriteProcessMemory request was completed. (0x12B)
[0505/050917.145:ERROR:process_memory_win.cc(73)] ReadMemory at 0x7ffae4af9bfe of 512 bytes failed: Only part of a ReadProcessMemory or WriteProcessMemory request was completed. (0x12B)
[0505/050917.145:ERROR:process_memory_win.cc(73)] ReadMemory at 0x7ffae50eb4c3 of 512 bytes failed: Only part of a ReadProcessMemory or WriteProcessMemory request was completed. (0x12B)
[0505/050917.145:ERROR:process_memory_win.cc(73)] ReadMemory at 0x7ffae6b43f2c of 512 bytes failed: Only part of a ReadProcessMemory or WriteProcessMemory request was completed. (0x12B)
[0505/050917.145:ERROR:process_memory_win.cc(73)] ReadMemory at 0x7ffaea2a0620 of 512 bytes failed: Only part of a ReadProcessMemory or WriteProcessMemory request was completed. (0x12B)
[0505/050917.145:ERROR:process_memory_win.cc(73)] ReadMemory at 0x7ffb3d10a308 of 512 bytes failed: Only part of a ReadProcessMemory or WriteProcessMemory request was completed. (0x12B)
[0505/050917.145:ERROR:process_memory_win.cc(73)] ReadMemory at 0x7ffb3fbe0e00 of 512 bytes failed: Only part of a ReadProcessMemory or WriteProcessMemory request was completed. (0x12B)
[0505/050917.146:ERROR:process_memory_win.cc(73)] ReadMemory at 0x7ffb40c779f0 of 512 bytes failed: Only part of a ReadProcessMemory or WriteProcessMemory request was completed. (0x12B)
[0505/050917.146:ERROR:process_memory_win.cc(73)] ReadMemory at 0x7ffb40c782e0 of 512 bytes failed: Only part of a ReadProcessMemory or WriteProcessMemory request was completed. (0x12B)
[0505/050917.146:ERROR:process_memory_win.cc(73)] ReadMemory at 0x7ffb40c7a0d0 of 512 bytes failed: Only part of a ReadProcessMemory or WriteProcessMemory request was completed. (0x12B)
[0505/050917.146:ERROR:process_memory_win.cc(73)] ReadMemory at 0x7ffb40cea9a4 of 672 bytes failed: Only part of a ReadProcessMemory or WriteProcessMemory request was completed. (0x12B)
[0505/050917.146:ERROR:process_memory_win.cc(73)] ReadMemory at 0x7ffb40ceafa4 of 512 bytes failed: Only part of a ReadProcessMemory or WriteProcessMemory request was completed. (0x12B)
[0505/050917.146:ERROR:process_memory_win.cc(73)] ReadMemory at 0x7ffb40cee214 of 608 bytes failed: Only part of a ReadProcessMemory or WriteProcessMemory request was completed. (0x12B)
[0505/050917.146:ERROR:process_memory_win.cc(73)] ReadMemory at 0x7ffb40d701e0 of 18 bytes failed: Only part of a ReadProcessMemory or WriteProcessMemory request was completed. (0x12B)
[0505/050917.146:ERROR:process_memory_win.cc(73)] ReadMemory at 0x7ffb40da65b0 of 40 bytes failed: Only part of a ReadProcessMemory or WriteProcessMemory request was completed. (0x12B)
[0505/050917.146:ERROR:process_memory_win.cc(73)] ReadMemory at 0x7ffb40da6a08 of 48 bytes failed: Only part of a ReadProcessMemory or WriteProcessMemory request was completed. (0x12B)
[0505/050917.146:ERROR:process_memory_win.cc(73)] ReadMemory at 0x7ffb40dac360 of 64 bytes failed: Only part of a ReadProcessMemory or WriteProcessMemory request was completed. (0x12B)
[0505/050917.150:ERROR:scoped_process_suspend.cc(40)] NtResumeProcess: An attempt was made to access an exiting process. (0xc000010a)
